build/app/intermediates/manifest_merge_blame_file/debug/manifest-merger-blame-debug-report.txt
1<?xml version="1.0" encoding="utf-8"?>
2<manifest xmlns:android="http://schemas.android.com/apk/res/android"
3    package="com.example.abr"
4    android:versionCode="1"
5    android:versionName="1.0.0" >
6
7    <uses-sdk
8        android:minSdkVersion="16"
9        android:targetSdkVersion="33" />
10    <!--
11         The INTERNET permission is required for development. Specifically,
12         the Flutter tool needs it to communicate with the running application
13         to allow setting breakpoints, to provide hot reload, etc.
14    -->
15    <uses-permission android:name="android.permission.INTERNET" />
15-->src\debug\AndroidManifest.xml:6:5-66
15-->src\debug\AndroidManifest.xml:6:22-64
16
17    <queries>
17-->[:contacts_service] AndroidManifest.xml:9:5-22:15
18        <intent>
18-->[:contacts_service] AndroidManifest.xml:10:9-12:18
19            <action android:name="android.accounts.AccountAuthenticator" />
19-->[:contacts_service] AndroidManifest.xml:11:13-76
19-->[:contacts_service] AndroidManifest.xml:11:21-73
20        </intent>
21        <!-- Allows the app to load an icon corresponding to the custom MIME type. -->
22        <intent>
22-->[:contacts_service] AndroidManifest.xml:14:9-21:18
23            <action android:name="android.intent.action.VIEW" />
23-->[:contacts_service] AndroidManifest.xml:15:13-65
23-->[:contacts_service] AndroidManifest.xml:15:21-62
24
25            <data
25-->[:contacts_service] AndroidManifest.xml:17:13-20:44
26                android:host="com.android.contacts"
26-->[:contacts_service] AndroidManifest.xml:18:17-52
27                android:mimeType="vnd.android.cursor.item/*"
27-->[:contacts_service] AndroidManifest.xml:19:17-61
28                android:scheme="content" />
28-->[:contacts_service] AndroidManifest.xml:20:17-41
29        </intent>
30    </queries>
31
32    <permission
32-->[androidx.core:core:1.10.1] AndroidManifest.xml:22:5-24:47
33        android:name="com.example.abr.DYNAMIC_RECEIVER_NOT_EXPORTED_PERMISSION"
33-->[androidx.core:core:1.10.1] AndroidManifest.xml:23:9-81
34        android:protectionLevel="signature" />
34-->[androidx.core:core:1.10.1] AndroidManifest.xml:24:9-44
35
36    <uses-permission android:name="com.example.abr.DYNAMIC_RECEIVER_NOT_EXPORTED_PERMISSION" />
36-->[androidx.core:core:1.10.1] AndroidManifest.xml:26:5-97
36-->[androidx.core:core:1.10.1] AndroidManifest.xml:26:22-94
37
38    <application
39        android:name="android.app.Application"
40        android:appComponentFactory="androidx.core.app.CoreComponentFactory"
40-->[androidx.core:core:1.10.1] AndroidManifest.xml:28:18-86
41        android:debuggable="true"
42        android:icon="@mipmap/ic_launcher"
43        android:label="abr" >
44        <activity
45            android:name="com.example.abr.MainActivity"
46            android:configChanges="orientation|keyboardHidden|keyboard|screenSize|smallestScreenSize|locale|layoutDirection|fontScale|screenLayout|density|uiMode"
47            android:exported="true"
48            android:hardwareAccelerated="true"
49            android:launchMode="singleTop"
50            android:theme="@style/LaunchTheme"
51            android:windowSoftInputMode="adjustResize" >
52
53            <!--
54                 Specifies an Android theme to apply to this Activity as soon as
55                 the Android process has started. This theme is visible to the user
56                 while the Flutter UI initializes. After that, this theme continues
57                 to determine the Window background behind the Flutter UI.
58            -->
59            <meta-data
60                android:name="io.flutter.embedding.android.NormalTheme"
61                android:resource="@style/NormalTheme" />
62
63            <intent-filter>
64                <action android:name="android.intent.action.MAIN" />
65
66                <category android:name="android.intent.category.LAUNCHER" />
67            </intent-filter>
68        </activity>
69        <!--
70             Don't delete the meta-data below.
71             This is used by the Flutter tool to generate GeneratedPluginRegistrant.java
72        -->
73        <meta-data
74            android:name="flutterEmbedding"
75            android:value="2" />
76
77        <provider
77-->[:image_picker_android] AndroidManifest.xml:10:9-18:20
78            android:name="io.flutter.plugins.imagepicker.ImagePickerFileProvider"
78-->[:image_picker_android] AndroidManifest.xml:11:13-82
79            android:authorities="com.example.abr.flutter.image_provider"
79-->[:image_picker_android] AndroidManifest.xml:12:13-74
80            android:exported="false"
80-->[:image_picker_android] AndroidManifest.xml:13:13-37
81            android:grantUriPermissions="true" >
81-->[:image_picker_android] AndroidManifest.xml:14:13-47
82            <meta-data
82-->[:image_picker_android] AndroidManifest.xml:15:13-17:75
83                android:name="android.support.FILE_PROVIDER_PATHS"
83-->[:image_picker_android] AndroidManifest.xml:16:17-67
84                android:resource="@xml/flutter_image_picker_file_paths" />
84-->[:image_picker_android] AndroidManifest.xml:17:17-72
85        </provider>
86
87        <uses-library
87-->[androidx.window:window:1.0.0-beta04] AndroidManifest.xml:25:9-27:40
88            android:name="androidx.window.extensions"
88-->[androidx.window:window:1.0.0-beta04] AndroidManifest.xml:26:13-54
89            android:required="false" />
89-->[androidx.window:window:1.0.0-beta04] AndroidManifest.xml:27:13-37
90        <uses-library
90-->[androidx.window:window:1.0.0-beta04] AndroidManifest.xml:28:9-30:40
91            android:name="androidx.window.sidecar"
91-->[androidx.window:window:1.0.0-beta04] AndroidManifest.xml:29:13-51
92            android:required="false" />
92-->[androidx.window:window:1.0.0-beta04] AndroidManifest.xml:30:13-37
93
94        <provider
94-->[androidx.profileinstaller:profileinstaller:1.3.0] AndroidManifest.xml:24:9-32:20
95            android:name="androidx.startup.InitializationProvider"
95-->[androidx.profileinstaller:profileinstaller:1.3.0] AndroidManifest.xml:25:13-67
96            android:authorities="com.example.abr.androidx-startup"
96-->[androidx.profileinstaller:profileinstaller:1.3.0] AndroidManifest.xml:26:13-68
97            android:exported="false" >
97-->[androidx.profileinstaller:profileinstaller:1.3.0] AndroidManifest.xml:27:13-37
98            <meta-data
98-->[androidx.profileinstaller:profileinstaller:1.3.0] AndroidManifest.xml:29:13-31:52
99                android:name="androidx.profileinstaller.ProfileInstallerInitializer"
99-->[androidx.profileinstaller:profileinstaller:1.3.0] AndroidManifest.xml:30:17-85
100                android:value="androidx.startup" />
100-->[androidx.profileinstaller:profileinstaller:1.3.0] AndroidManifest.xml:31:17-49
101        </provider>
102
103        <receiver
103-->[androidx.profileinstaller:profileinstaller:1.3.0] AndroidManifest.xml:34:9-52:20
104            android:name="androidx.profileinstaller.ProfileInstallReceiver"
104-->[androidx.profileinstaller:profileinstaller:1.3.0] AndroidManifest.xml:35:13-76
105            android:directBootAware="false"
105-->[androidx.profileinstaller:profileinstaller:1.3.0] AndroidManifest.xml:36:13-44
106            android:enabled="true"
106-->[androidx.profileinstaller:profileinstaller:1.3.0] AndroidManifest.xml:37:13-35
107            android:exported="true"
107-->[androidx.profileinstaller:profileinstaller:1.3.0] AndroidManifest.xml:38:13-36
108            android:permission="android.permission.DUMP" >
108-->[androidx.profileinstaller:profileinstaller:1.3.0] AndroidManifest.xml:39:13-57
109            <intent-filter>
109-->[androidx.profileinstaller:profileinstaller:1.3.0] AndroidManifest.xml:40:13-42:29
110                <action android:name="androidx.profileinstaller.action.INSTALL_PROFILE" />
110-->[androidx.profileinstaller:profileinstaller:1.3.0] AndroidManifest.xml:41:17-91
110-->[androidx.profileinstaller:profileinstaller:1.3.0] AndroidManifest.xml:41:25-88
111            </intent-filter>
112            <intent-filter>
112-->[androidx.profileinstaller:profileinstaller:1.3.0] AndroidManifest.xml:43:13-45:29
113                <action android:name="androidx.profileinstaller.action.SKIP_FILE" />
113-->[androidx.profileinstaller:profileinstaller:1.3.0] AndroidManifest.xml:44:17-85
113-->[androidx.profileinstaller:profileinstaller:1.3.0] AndroidManifest.xml:44:25-82
114            </intent-filter>
115            <intent-filter>
115-->[androidx.profileinstaller:profileinstaller:1.3.0] AndroidManifest.xml:46:13-48:29
116                <action android:name="androidx.profileinstaller.action.SAVE_PROFILE" />
116-->[androidx.profileinstaller:profileinstaller:1.3.0] AndroidManifest.xml:47:17-88
116-->[androidx.profileinstaller:profileinstaller:1.3.0] AndroidManifest.xml:47:25-85
117            </intent-filter>
118            <intent-filter>
118-->[androidx.profileinstaller:profileinstaller:1.3.0] AndroidManifest.xml:49:13-51:29
119                <action android:name="androidx.profileinstaller.action.BENCHMARK_OPERATION" />
119-->[androidx.profileinstaller:profileinstaller:1.3.0] AndroidManifest.xml:50:17-95
119-->[androidx.profileinstaller:profileinstaller:1.3.0] AndroidManifest.xml:50:25-92
120            </intent-filter>
121        </receiver>
122    </application>
123
124</manifest>